Using pre-set license
Built from '2020.3/staging' branch; Version is '2020.3.25f1 (9b9180224418) revision 10195328'; Using compiler version '192528614'; Build Type 'Release'
OS: 'Windows 10  (10.0.19043) 64bit Professional' Language: 'zh' Physical Memory: 16217 MB
BatchMode: 1, IsHumanControllingUs: 0, StartBugReporterOnCrash: 0, Is64bit: 1, IsPro: 0

COMMAND LINE ARGUMENTS:
C:\Program Files\Unity\Hub\Editor\2020.3.25f1\Editor\Unity.exe
-adb2
-batchMode
-noUpm
-name
AssetImportWorker0
-projectPath
C:/Bane/WebGame_2022-02-22/WebGame_2022-02-22
-logFile
Logs/AssetImportWorker0.log
-srvPort
2746
Successfully changed project path to: C:/Bane/WebGame_2022-02-22/WebGame_2022-02-22
C:/Bane/WebGame_2022-02-22/WebGame_2022-02-22
Using Asset Import Pipeline V2.
Refreshing native plugins compatible for Editor in 49.13 ms, found 3 plugins.
Preloading 0 native plugins for Editor in 0.00 ms.
Initialize engine version: 2020.3.25f1 (9b9180224418)
[Subsystems] Discovering subsystems at path C:/Program Files/Unity/Hub/Editor/2020.3.25f1/Editor/Data/Resources/UnitySubsystems
[Subsystems] Discovering subsystems at path C:/Bane/WebGame_2022-02-22/WebGame_2022-02-22/Assets
GfxDevice: creating device client; threaded=0
Direct3D:
    Version:  Direct3D 11.0 [level 11.1]
    Renderer: NVIDIA GeForce GTX 1650 SUPER (ID=0x2187)
    Vendor:   
    VRAM:     3955 MB
    Driver:   27.21.14.5671
Initialize mono
Mono path[0] = 'C:/Program Files/Unity/Hub/Editor/2020.3.25f1/Editor/Data/Managed'
Mono path[1] = 'C:/Program Files/Unity/Hub/Editor/2020.3.25f1/Editor/Data/MonoBleedingEdge/lib/mono/unityjit'
Mono config path = 'C:/Program Files/Unity/Hub/Editor/2020.3.25f1/Editor/Data/MonoBleedingEdge/etc'
Using monoOptions --debugger-agent=transport=dt_socket,embedding=1,server=y,suspend=n,address=127.0.0.1:56652
Begin MonoManager ReloadAssembly
Registering precompiled unity dll's ...
Register platform support module: C:/Program Files/Unity/Hub/Editor/2020.3.25f1/Editor/Data/PlaybackEngines/WebGLSupport/UnityEditor.WebGL.Extensions.dll
Register platform support module: C:/Program Files/Unity/Hub/Editor/2020.3.25f1/Editor/Data/PlaybackEngines/WindowsStandaloneSupport/UnityEditor.WindowsStandalone.Extensions.dll
Registered in 0.004214 seconds.
Native extension for WindowsStandalone target not found
Native extension for WebGL target not found
Refreshing native plugins compatible for Editor in 40.50 ms, found 3 plugins.
Preloading 0 native plugins for Editor in 0.00 ms.
Mono: successfully reloaded assembly
- Completed reload, in  0.541 seconds
Domain Reload Profiling:
	ReloadAssembly (541ms)
		BeginReloadAssembly (72ms)
			ExecutionOrderSort (0ms)
			DisableScriptedObjects (0ms)
			BackupInstance (0ms)
			ReleaseScriptingObjects (0ms)
			CreateAndSetChildDomain (1ms)
		EndReloadAssembly (386ms)
			LoadAssemblies (68ms)
			RebuildTransferFunctionScriptingTraits (0ms)
			SetupTypeCache (126ms)
			ReleaseScriptCaches (0ms)
			RebuildScriptCaches (25ms)
			SetupLoadedEditorAssemblies (142ms)
				LogAssemblyErrors (0ms)
				InitializePlatformSupportModulesInManaged (5ms)
				SetLoadedEditorAssemblies (0ms)
				RefreshPlugins (41ms)
				BeforeProcessingInitializeOnLoad (7ms)
				ProcessInitializeOnLoadAttributes (67ms)
				ProcessInitializeOnLoadMethodAttributes (23ms)
				AfterProcessingInitializeOnLoad (0ms)
				EditorAssembliesLoaded (0ms)
			ExecutionOrderSort2 (0ms)
			AwakeInstancesAfterBackupRestoration (0ms)
Platform modules already initialized, skipping
Registering precompiled user dll's ...
Registered in 0.005752 seconds.
Begin MonoManager ReloadAssembly
Native extension for WindowsStandalone target not found
Native extension for WebGL target not found
Refreshing native plugins compatible for Editor in 42.78 ms, found 3 plugins.
Preloading 0 native plugins for Editor in 0.00 ms.
Mono: successfully reloaded assembly
- Completed reload, in  1.011 seconds
Domain Reload Profiling:
	ReloadAssembly (1011ms)
		BeginReloadAssembly (131ms)
			ExecutionOrderSort (0ms)
			DisableScriptedObjects (4ms)
			BackupInstance (0ms)
			ReleaseScriptingObjects (0ms)
			CreateAndSetChildDomain (15ms)
		EndReloadAssembly (814ms)
			LoadAssemblies (97ms)
			RebuildTransferFunctionScriptingTraits (0ms)
			SetupTypeCache (263ms)
			ReleaseScriptCaches (0ms)
			RebuildScriptCaches (42ms)
			SetupLoadedEditorAssemblies (319ms)
				LogAssemblyErrors (0ms)
				InitializePlatformSupportModulesInManaged (4ms)
				SetLoadedEditorAssemblies (0ms)
				RefreshPlugins (43ms)
				BeforeProcessingInitializeOnLoad (80ms)
				ProcessInitializeOnLoadAttributes (166ms)
				ProcessInitializeOnLoadMethodAttributes (15ms)
				AfterProcessingInitializeOnLoad (12ms)
				EditorAssembliesLoaded (0ms)
			ExecutionOrderSort2 (0ms)
			AwakeInstancesAfterBackupRestoration (5ms)
Platform modules already initialized, skipping
========================================================================
Worker process is ready to serve import requests
Launched and connected shader compiler UnityShaderCompiler.exe after 0.03 seconds
Refreshing native plugins compatible for Editor in 0.48 ms, found 3 plugins.
Preloading 0 native plugins for Editor in 0.00 ms.
Unloading 2345 Unused Serialized files (Serialized files now loaded: 0)
System memory in use before: 100.9 MB.
System memory in use after: 101.1 MB.

Unloading 29 unused Assets to reduce memory usage. Loaded Objects now: 2778.
Total: 2.590200 ms (FindLiveObjects: 0.147000 ms CreateObjectMapping: 0.074300 ms MarkObjects: 2.322400 ms  DeleteObjects: 0.045600 ms)

AssetImportParameters requested are different than current active one (requested -> active):
  custom:framework-win-MediaFoundation: 216162199b28c13a410421893ffa2e32 -> 
  custom:video-decoder-ogg-theora: a1e56fd34408186e4bbccfd4996cb3dc -> 
  custom:container-muxer-webm: aa71ff27fc2769a1b78a27578f13a17b -> 
  custom:container-demuxer-webm: 4f35f7cbe854078d1ac9338744f61a02 -> 
  custom:container-demuxer-ogg: 62fdf1f143b41e24485cea50d1cbac27 -> 
  custom:video-encoder-webm-vp8: eb34c28f22e8b96e1ab97ce403110664 -> 
  custom:video-decoder-webm-vp8: 9c59270c3fd7afecdb556c50c9e8de78 -> 
  custom:audio-decoder-ogg-vorbis: bf7c407c2cedff20999df2af8eb42d56 -> 
  custom:audio-encoder-webm-vorbis: bf7c407c2cedff20999df2af8eb42d56 -> 
========================================================================
Received Import Request.
  path: Assets/Square.png
  artifactKey: Guid(a19346601bcbf174984bf82453db9d62) Importer(815301076,1909f56bfc062723c751e8b465ee728b)
Start importing Assets/Square.png using Guid(a19346601bcbf174984bf82453db9d62) Importer(815301076,1909f56bfc062723c751e8b465ee728b)  -> (artifact id: '157dcaef68ceee7f7c028c55d959f826') in 0.121397 seconds 
  Import took 0.124104 seconds .

========================================================================
Received Import Request.
  Time since last request: 0.000240 seconds.
  path: Assets/jackeyfont.ttf
  artifactKey: Guid(d88471c6a5d1c704f8e3358c57de63db) Importer(815301076,1909f56bfc062723c751e8b465ee728b)
Start importing Assets/jackeyfont.ttf using Guid(d88471c6a5d1c704f8e3358c57de63db) Importer(815301076,1909f56bfc062723c751e8b465ee728b)  -> (artifact id: 'dce64d88156948f7aacd7dde7474867c') in 0.051150 seconds 
  Import took 0.053788 seconds .

========================================================================
Received Import Request.
  Time since last request: 8.829701 seconds.
  path: Assets/場景/森林.unity
  artifactKey: Guid(65ad930ffd6fb42418009062cf0bad52) Importer(815301076,1909f56bfc062723c751e8b465ee728b)
Start importing Assets/場景/森林.unity using Guid(65ad930ffd6fb42418009062cf0bad52) Importer(815301076,1909f56bfc062723c751e8b465ee728b)  -> (artifact id: '6092d1544711f85eb215a7bb98d881ef') in 0.001860 seconds 
  Import took 0.004530 seconds .

========================================================================
Received Prepare
Registering precompiled user dll's ...
Registered in 0.005550 seconds.
Begin MonoManager ReloadAssembly
Native extension for WindowsStandalone target not found
Native extension for WebGL target not found
Refreshing native plugins compatible for Editor in 0.45 ms, found 3 plugins.
Preloading 0 native plugins for Editor in 0.00 ms.
Mono: successfully reloaded assembly
- Completed reload, in  0.915 seconds
Domain Reload Profiling:
	ReloadAssembly (916ms)
		BeginReloadAssembly (122ms)
			ExecutionOrderSort (0ms)
			DisableScriptedObjects (5ms)
			BackupInstance (0ms)
			ReleaseScriptingObjects (0ms)
			CreateAndSetChildDomain (28ms)
		EndReloadAssembly (728ms)
			LoadAssemblies (97ms)
			RebuildTransferFunctionScriptingTraits (0ms)
			SetupTypeCache (245ms)
			ReleaseScriptCaches (1ms)
			RebuildScriptCaches (37ms)
			SetupLoadedEditorAssemblies (274ms)
				LogAssemblyErrors (0ms)
				InitializePlatformSupportModulesInManaged (5ms)
				SetLoadedEditorAssemblies (0ms)
				RefreshPlugins (0ms)
				BeforeProcessingInitializeOnLoad (70ms)
				ProcessInitializeOnLoadAttributes (176ms)
				ProcessInitializeOnLoadMethodAttributes (10ms)
				AfterProcessingInitializeOnLoad (12ms)
				EditorAssembliesLoaded (0ms)
			ExecutionOrderSort2 (0ms)
			AwakeInstancesAfterBackupRestoration (7ms)
Platform modules already initialized, skipping
Refreshing native plugins compatible for Editor in 0.45 ms, found 3 plugins.
Preloading 0 native plugins for Editor in 0.00 ms.
Unloading 2332 Unused Serialized files (Serialized files now loaded: 0)
System memory in use before: 103.6 MB.
System memory in use after: 103.8 MB.

Unloading 18 unused Assets to reduce memory usage. Loaded Objects now: 2826.
Total: 2.844800 ms (FindLiveObjects: 0.173200 ms CreateObjectMapping: 0.083500 ms MarkObjects: 2.575500 ms  DeleteObjects: 0.011900 ms)

AssetImportParameters requested are different than current active one (requested -> active):
  custom:framework-win-MediaFoundation: 216162199b28c13a410421893ffa2e32 -> 
  custom:video-decoder-ogg-theora: a1e56fd34408186e4bbccfd4996cb3dc -> 
  custom:container-muxer-webm: aa71ff27fc2769a1b78a27578f13a17b -> 
  custom:container-demuxer-webm: 4f35f7cbe854078d1ac9338744f61a02 -> 
  custom:container-demuxer-ogg: 62fdf1f143b41e24485cea50d1cbac27 -> 
  custom:video-encoder-webm-vp8: eb34c28f22e8b96e1ab97ce403110664 -> 
  custom:video-decoder-webm-vp8: 9c59270c3fd7afecdb556c50c9e8de78 -> 
  custom:audio-decoder-ogg-vorbis: bf7c407c2cedff20999df2af8eb42d56 -> 
  custom:audio-encoder-webm-vorbis: bf7c407c2cedff20999df2af8eb42d56 -> 
========================================================================
Received Import Request.
  Time since last request: 78.317599 seconds.
  path: Assets/素材/無摩擦力.physicsMaterial2D
  artifactKey: Guid(11e090582aa107842bf045d34bb29402) Importer(815301076,1909f56bfc062723c751e8b465ee728b)
Start importing Assets/素材/無摩擦力.physicsMaterial2D using Guid(11e090582aa107842bf045d34bb29402) Importer(815301076,1909f56bfc062723c751e8b465ee728b)  -> (artifact id: '808d38741e0f0877320d933d091c6f92') in 0.013024 seconds 
  Import took 0.015908 seconds .

========================================================================
Received Import Request.
  Time since last request: 2.881278 seconds.
  path: Assets/調色盤/top-down-forest-tileset_29.asset
  artifactKey: Guid(66781dd7516406b43a45e4af69084560) Importer(815301076,1909f56bfc062723c751e8b465ee728b)
Start importing Assets/調色盤/top-down-forest-tileset_29.asset using Guid(66781dd7516406b43a45e4af69084560) Importer(815301076,1909f56bfc062723c751e8b465ee728b)  -> (artifact id: '3342575e8444582f94db066f52e22d10') in 0.030264 seconds 
  Import took 0.033079 seconds .

========================================================================
Received Import Request.
  Time since last request: 0.000211 seconds.
  path: Assets/調色盤/top-down-forest-tileset_32.asset
  artifactKey: Guid(5e66204bca0ad6c438162b9fea6bdbfc) Importer(815301076,1909f56bfc062723c751e8b465ee728b)
Start importing Assets/調色盤/top-down-forest-tileset_32.asset using Guid(5e66204bca0ad6c438162b9fea6bdbfc) Importer(815301076,1909f56bfc062723c751e8b465ee728b)  -> (artifact id: '2450a5bd8485d08c2c36bded7f04f42f') in 0.006546 seconds 
  Import took 0.009212 seconds .

========================================================================
Received Import Request.
  Time since last request: 0.000301 seconds.
  path: Assets/調色盤/top-down-forest-tileset_37.asset
  artifactKey: Guid(ba5fcff46a96a754dbc23c9d37849b6e) Importer(815301076,1909f56bfc062723c751e8b465ee728b)
Start importing Assets/調色盤/top-down-forest-tileset_37.asset using Guid(ba5fcff46a96a754dbc23c9d37849b6e) Importer(815301076,1909f56bfc062723c751e8b465ee728b)  -> (artifact id: '2ec92aa8b7e14eda93e2e46e7208c637') in 0.009440 seconds 
  Import took 0.012989 seconds .

========================================================================
Received Import Request.
  Time since last request: 0.000576 seconds.
  path: Assets/調色盤/top-down-forest-tileset_31.asset
  artifactKey: Guid(debf72c920da98b4c9570015bf6e1a35) Importer(815301076,1909f56bfc062723c751e8b465ee728b)
Start importing Assets/調色盤/top-down-forest-tileset_31.asset using Guid(debf72c920da98b4c9570015bf6e1a35) Importer(815301076,1909f56bfc062723c751e8b465ee728b)  -> (artifact id: '9b6d5ad3e468a3a4cfeff325a50755f5') in 0.007848 seconds 
  Import took 0.010970 seconds .

========================================================================
Received Import Request.
  Time since last request: 0.000225 seconds.
  path: Assets/調色盤/top-down-forest-tileset_36.asset
  artifactKey: Guid(cf7a92a452783854fa6772e387ddd9b1) Importer(815301076,1909f56bfc062723c751e8b465ee728b)
Start importing Assets/調色盤/top-down-forest-tileset_36.asset using Guid(cf7a92a452783854fa6772e387ddd9b1) Importer(815301076,1909f56bfc062723c751e8b465ee728b)  -> (artifact id: 'd5024e9bcb7fe58d0217763b575105e0') in 0.015901 seconds 
  Import took 0.018479 seconds .

========================================================================
Received Import Request.
  Time since last request: 0.000235 seconds.
  path: Assets/調色盤/top-down-forest-tileset_38.asset
  artifactKey: Guid(ddf1ba55f3dd9e04dbd56d9d0a3f6356) Importer(815301076,1909f56bfc062723c751e8b465ee728b)
Start importing Assets/調色盤/top-down-forest-tileset_38.asset using Guid(ddf1ba55f3dd9e04dbd56d9d0a3f6356) Importer(815301076,1909f56bfc062723c751e8b465ee728b)  -> (artifact id: 'f226f7342e46bde530b30d8a2f240452') in 0.010544 seconds 
  Import took 0.013218 seconds .

========================================================================
Received Import Request.
  Time since last request: 0.000221 seconds.
  path: Assets/調色盤/top-down-forest-tileset_49.asset
  artifactKey: Guid(e42384e7c74e2274384ba89547f62020) Importer(815301076,1909f56bfc062723c751e8b465ee728b)
Start importing Assets/調色盤/top-down-forest-tileset_49.asset using Guid(e42384e7c74e2274384ba89547f62020) Importer(815301076,1909f56bfc062723c751e8b465ee728b)  -> (artifact id: '3d42a32c0deadd2d79a3632170b49361') in 0.006298 seconds 
  Import took 0.008998 seconds .

========================================================================
Received Import Request.
  Time since last request: 0.000183 seconds.
  path: Assets/調色盤/top-down-forest-tileset_44.asset
  artifactKey: Guid(41cd52f31f96d0949b71d4af517c0e10) Importer(815301076,1909f56bfc062723c751e8b465ee728b)
Start importing Assets/調色盤/top-down-forest-tileset_44.asset using Guid(41cd52f31f96d0949b71d4af517c0e10) Importer(815301076,1909f56bfc062723c751e8b465ee728b)  -> (artifact id: '6879dd2fd164e7ee56b178428b591558') in 0.011405 seconds 
  Import took 0.014154 seconds .

========================================================================
Received Import Request.
  Time since last request: 0.000236 seconds.
  path: Assets/調色盤/top-down-forest-tileset_30.asset
  artifactKey: Guid(db190ff5a473bff49970441d6cc927c7) Importer(815301076,1909f56bfc062723c751e8b465ee728b)
Start importing Assets/調色盤/top-down-forest-tileset_30.asset using Guid(db190ff5a473bff49970441d6cc927c7) Importer(815301076,1909f56bfc062723c751e8b465ee728b)  -> (artifact id: '46390c6c5785db45b7eb56feef877f91') in 0.007082 seconds 
  Import took 0.009889 seconds .

========================================================================
Received Import Request.
  Time since last request: 0.000231 seconds.
  path: Assets/調色盤/top-down-forest-tileset_34.asset
  artifactKey: Guid(dba9ceeaefca0f549b9c1d2f76ddb056) Importer(815301076,1909f56bfc062723c751e8b465ee728b)
Start importing Assets/調色盤/top-down-forest-tileset_34.asset using Guid(dba9ceeaefca0f549b9c1d2f76ddb056) Importer(815301076,1909f56bfc062723c751e8b465ee728b)  -> (artifact id: '7f823d53b6301e088b8a4310f05b07f9') in 0.017153 seconds 
  Import took 0.020055 seconds .

========================================================================
Received Import Request.
  Time since last request: 0.000130 seconds.
  path: Assets/調色盤/top-down-forest-tileset_42.asset
  artifactKey: Guid(d9c110e6f413746458e07b7332ba6ecc) Importer(815301076,1909f56bfc062723c751e8b465ee728b)
Start importing Assets/調色盤/top-down-forest-tileset_42.asset using Guid(d9c110e6f413746458e07b7332ba6ecc) Importer(815301076,1909f56bfc062723c751e8b465ee728b)  -> (artifact id: '35859e22d05351bcb81b8df26d3ef089') in 0.005096 seconds 
  Import took 0.007853 seconds .

========================================================================
Received Import Request.
  Time since last request: 0.000152 seconds.
  path: Assets/調色盤/top-down-forest-tileset_47.asset
  artifactKey: Guid(93d25e37bf17cb540a49f7c23a55e012) Importer(815301076,1909f56bfc062723c751e8b465ee728b)
Start importing Assets/調色盤/top-down-forest-tileset_47.asset using Guid(93d25e37bf17cb540a49f7c23a55e012) Importer(815301076,1909f56bfc062723c751e8b465ee728b)  -> (artifact id: '1c783decc662dbd388e4d438aede1d18') in 0.005274 seconds 
  Import took 0.008274 seconds .

========================================================================
Received Import Request.
  Time since last request: 0.000191 seconds.
  path: Assets/調色盤/top-down-forest-tileset_43.asset
  artifactKey: Guid(bbf7b7869e3782a47a1eaaf5b1532f86) Importer(815301076,1909f56bfc062723c751e8b465ee728b)
Start importing Assets/調色盤/top-down-forest-tileset_43.asset using Guid(bbf7b7869e3782a47a1eaaf5b1532f86) Importer(815301076,1909f56bfc062723c751e8b465ee728b)  -> (artifact id: '9340b97b6e4e91e0b0b421c047e89c63') in 0.005411 seconds 
  Import took 0.008208 seconds .

========================================================================
Received Import Request.
  Time since last request: 0.000128 seconds.
  path: Assets/調色盤/top-down-forest-tileset_48.asset
  artifactKey: Guid(e4077ef4ee0b8ac47a9751d0510b09a2) Importer(815301076,1909f56bfc062723c751e8b465ee728b)
Start importing Assets/調色盤/top-down-forest-tileset_48.asset using Guid(e4077ef4ee0b8ac47a9751d0510b09a2) Importer(815301076,1909f56bfc062723c751e8b465ee728b)  -> (artifact id: 'e34f297f257a1bc8ba0cede356e6f5f2') in 0.005698 seconds 
  Import took 0.008423 seconds .

========================================================================
Received Import Request.
  Time since last request: 0.000192 seconds.
  path: Assets/調色盤/top-down-forest-tileset_40.asset
  artifactKey: Guid(2bce7e4b136df3349b9fcf8df0973aa9) Importer(815301076,1909f56bfc062723c751e8b465ee728b)
Start importing Assets/調色盤/top-down-forest-tileset_40.asset using Guid(2bce7e4b136df3349b9fcf8df0973aa9) Importer(815301076,1909f56bfc062723c751e8b465ee728b)  -> (artifact id: '7a9770d870ac81b87a43fcecc5090b96') in 0.006648 seconds 
  Import took 0.009442 seconds .

========================================================================
Received Import Request.
  Time since last request: 0.000165 seconds.
  path: Assets/調色盤/top-down-forest-tileset_33.asset
  artifactKey: Guid(834e5915eb5d92b4c9b6a18cde1f3bf1) Importer(815301076,1909f56bfc062723c751e8b465ee728b)
Start importing Assets/調色盤/top-down-forest-tileset_33.asset using Guid(834e5915eb5d92b4c9b6a18cde1f3bf1) Importer(815301076,1909f56bfc062723c751e8b465ee728b)  -> (artifact id: 'c8d4bd0fc99fa293ae3cf43d36bb2552') in 0.005574 seconds 
  Import took 0.008297 seconds .

========================================================================
Received Import Request.
  Time since last request: 0.000221 seconds.
  path: Assets/調色盤/top-down-forest-tileset_39.asset
  artifactKey: Guid(731905f4cd6f32f44a94ae003038b83e) Importer(815301076,1909f56bfc062723c751e8b465ee728b)
Start importing Assets/調色盤/top-down-forest-tileset_39.asset using Guid(731905f4cd6f32f44a94ae003038b83e) Importer(815301076,1909f56bfc062723c751e8b465ee728b)  -> (artifact id: '0f2fdd385eb167d6ec77592bb1fa3491') in 0.005312 seconds 
  Import took 0.008321 seconds .

========================================================================
Received Import Request.
  Time since last request: 0.000204 seconds.
  path: Assets/調色盤/top-down-forest-tileset_46.asset
  artifactKey: Guid(822f5d43dcff0634cbb6c03e6c1a65fe) Importer(815301076,1909f56bfc062723c751e8b465ee728b)
Start importing Assets/調色盤/top-down-forest-tileset_46.asset using Guid(822f5d43dcff0634cbb6c03e6c1a65fe) Importer(815301076,1909f56bfc062723c751e8b465ee728b)  -> (artifact id: '0fe1afe7ba8ffd9b7b30a8ff1c7960d7') in 0.006002 seconds 
  Import took 0.008985 seconds .

========================================================================
Received Import Request.
  Time since last request: 0.000210 seconds.
  path: Assets/調色盤/top-down-forest-tileset_45.asset
  artifactKey: Guid(3fdc7c9bfc80bc94284942d4c81e44d2) Importer(815301076,1909f56bfc062723c751e8b465ee728b)
Start importing Assets/調色盤/top-down-forest-tileset_45.asset using Guid(3fdc7c9bfc80bc94284942d4c81e44d2) Importer(815301076,1909f56bfc062723c751e8b465ee728b)  -> (artifact id: '6f96c892c4787fdbe60cb1d3d097412d') in 0.005511 seconds 
  Import took 0.008424 seconds .

========================================================================
Received Import Request.
  Time since last request: 0.010353 seconds.
  path: Assets/資料武器/斧頭.asset
  artifactKey: Guid(dca660cbf6f089a4dbf2dc3b0c390129) Importer(815301076,1909f56bfc062723c751e8b465ee728b)
Start importing Assets/資料武器/斧頭.asset using Guid(dca660cbf6f089a4dbf2dc3b0c390129) Importer(815301076,1909f56bfc062723c751e8b465ee728b)  -> (artifact id: 'f529f08d4670d9b6a815622b940f2c24') in 0.002991 seconds 
  Import took 0.005973 seconds .

========================================================================
Received Import Request.
  Time since last request: 0.000179 seconds.
  path: Assets/資料武器/火球.asset
  artifactKey: Guid(bce1747b14737f9429ba8eb7fabeec11) Importer(815301076,1909f56bfc062723c751e8b465ee728b)
Start importing Assets/資料武器/火球.asset using Guid(bce1747b14737f9429ba8eb7fabeec11) Importer(815301076,1909f56bfc062723c751e8b465ee728b)  -> (artifact id: '24c28b6591fa4522d51c041462af76a9') in 0.002504 seconds 
  Import took 0.005359 seconds .

========================================================================
Received Import Request.
  Time since last request: 3.151318 seconds.
  path: Assets/Zeldisaac/BabaMediumPixels.ttf
  artifactKey: Guid(ba5b68f1e1755c04788ed38007c0b203) Importer(815301076,1909f56bfc062723c751e8b465ee728b)
Start importing Assets/Zeldisaac/BabaMediumPixels.ttf using Guid(ba5b68f1e1755c04788ed38007c0b203) Importer(815301076,1909f56bfc062723c751e8b465ee728b)  -> (artifact id: 'b6cfc8fba8b5996db2ef384c137b0b42') in 0.027904 seconds 
  Import took 0.030777 seconds .

========================================================================
Received Import Request.
  Time since last request: 0.000231 seconds.
  path: Assets/Zeldisaac/HUD.png
  artifactKey: Guid(7acd2e2b896b60d42af90c70e7a5fa2c) Importer(815301076,1909f56bfc062723c751e8b465ee728b)
Start importing Assets/Zeldisaac/HUD.png using Guid(7acd2e2b896b60d42af90c70e7a5fa2c) Importer(815301076,1909f56bfc062723c751e8b465ee728b)  -> (artifact id: 'a889e2a7bd3c440da227b9b929187012') in 0.015532 seconds 
  Import took 0.018017 seconds .

========================================================================
Received Import Request.
  Time since last request: 0.000226 seconds.
  path: Assets/Zeldisaac/Jar_SpriteSheet.png
  artifactKey: Guid(53cbe1f200c1abd48891a10177ff3a1a) Importer(815301076,1909f56bfc062723c751e8b465ee728b)
Start importing Assets/Zeldisaac/Jar_SpriteSheet.png using Guid(53cbe1f200c1abd48891a10177ff3a1a) Importer(815301076,1909f56bfc062723c751e8b465ee728b)  -> (artifact id: 'c97dd2969947204d973c9d2da1ed4bf4') in 0.020078 seconds 
  Import took 0.022615 seconds .

========================================================================
Received Import Request.
  Time since last request: 0.000225 seconds.
  path: Assets/Zeldisaac/Piece_HUD_SpriteSheet.png
  artifactKey: Guid(f22f2eea0480fe2478c870ef9416be6e) Importer(815301076,1909f56bfc062723c751e8b465ee728b)
Start importing Assets/Zeldisaac/Piece_HUD_SpriteSheet.png using Guid(f22f2eea0480fe2478c870ef9416be6e) Importer(815301076,1909f56bfc062723c751e8b465ee728b)  -> (artifact id: 'd12c10fd4bc34b7fd977db5ff1269376') in 0.024340 seconds 
  Import took 0.026829 seconds .

========================================================================
Received Import Request.
  Time since last request: 0.000234 seconds.
  path: Assets/Zeldisaac/PetitePieceShadow_SpriteSheet.png
  artifactKey: Guid(433b750cd58144a4880c8bee24ec10ff) Importer(815301076,1909f56bfc062723c751e8b465ee728b)
Start importing Assets/Zeldisaac/PetitePieceShadow_SpriteSheet.png using Guid(433b750cd58144a4880c8bee24ec10ff) Importer(815301076,1909f56bfc062723c751e8b465ee728b)  -> (artifact id: '35a546933ce5dfe6db9663932c2445a7') in 0.020686 seconds 
  Import took 0.023215 seconds .

========================================================================
Received Import Request.
  Time since last request: 0.000209 seconds.
  path: Assets/Zeldisaac/HUD_Mask.png
  artifactKey: Guid(4a76fee9c642338459f4d49a29f20432) Importer(815301076,1909f56bfc062723c751e8b465ee728b)
Start importing Assets/Zeldisaac/HUD_Mask.png using Guid(4a76fee9c642338459f4d49a29f20432) Importer(815301076,1909f56bfc062723c751e8b465ee728b)  -> (artifact id: 'f2c8fe140d1de4692c1a02f6ceea0f00') in 0.007344 seconds 
  Import took 0.010126 seconds .

========================================================================
Received Import Request.
  Time since last request: 0.000236 seconds.
  path: Assets/Zeldisaac/InventoryItemSpriteSheet.png
  artifactKey: Guid(c316b2d6c4e95e44faec1069bb0cafe2) Importer(815301076,1909f56bfc062723c751e8b465ee728b)
Start importing Assets/Zeldisaac/InventoryItemSpriteSheet.png using Guid(c316b2d6c4e95e44faec1069bb0cafe2) Importer(815301076,1909f56bfc062723c751e8b465ee728b)  -> (artifact id: 'b72ef6cce51eeb13816d3e15621f3d5b') in 0.008391 seconds 
  Import took 0.011214 seconds .

========================================================================
Received Import Request.
  Time since last request: 0.000136 seconds.
  path: Assets/Zeldisaac/DoorGrid.png
  artifactKey: Guid(6c3be450aa1c335459c8a3180232f4f9) Importer(815301076,1909f56bfc062723c751e8b465ee728b)
Start importing Assets/Zeldisaac/DoorGrid.png using Guid(6c3be450aa1c335459c8a3180232f4f9) Importer(815301076,1909f56bfc062723c751e8b465ee728b)  -> (artifact id: '446d84b036ea7abc03bc01b3e488fe42') in 0.010451 seconds 
  Import took 0.013002 seconds .

========================================================================
Received Import Request.
  Time since last request: 0.000129 seconds.
  path: Assets/Zeldisaac/Squelette.gif
  artifactKey: Guid(4a1a8765e504d754e868f0bcf6deb975) Importer(815301076,1909f56bfc062723c751e8b465ee728b)
Start importing Assets/Zeldisaac/Squelette.gif using Guid(4a1a8765e504d754e868f0bcf6deb975) Importer(815301076,1909f56bfc062723c751e8b465ee728b)  -> (artifact id: 'af29832a80f6f9f6229abdea025ff284') in 0.015801 seconds 
  Import took 0.018474 seconds .

========================================================================
Received Import Request.
  Time since last request: 0.000173 seconds.
  path: Assets/Zeldisaac/Piece.gif
  artifactKey: Guid(6575eb690c0eed34db4ed0324815aa5d) Importer(815301076,1909f56bfc062723c751e8b465ee728b)
Start importing Assets/Zeldisaac/Piece.gif using Guid(6575eb690c0eed34db4ed0324815aa5d) Importer(815301076,1909f56bfc062723c751e8b465ee728b)  -> (artifact id: 'e2d1bf6177f5555f4526d8570f8a7cfa') in 0.012608 seconds 
  Import took 0.015514 seconds .

========================================================================
Received Import Request.
  Time since last request: 0.000191 seconds.
  path: Assets/Zeldisaac/Door.png
  artifactKey: Guid(50e492b5d29bdd8439ae53f9b7eb7484) Importer(815301076,1909f56bfc062723c751e8b465ee728b)
Start importing Assets/Zeldisaac/Door.png using Guid(50e492b5d29bdd8439ae53f9b7eb7484) Importer(815301076,1909f56bfc062723c751e8b465ee728b)  -> (artifact id: '1686cae6e2ae04bbff88f47f2f854d97') in 0.005886 seconds 
  Import took 0.008686 seconds .

========================================================================
Received Import Request.
  Time since last request: 0.000187 seconds.
  path: Assets/Zeldisaac/Character.gif
  artifactKey: Guid(b5cd8b1ca1a5e844c80a7302a3d0bea6) Importer(815301076,1909f56bfc062723c751e8b465ee728b)
Start importing Assets/Zeldisaac/Character.gif using Guid(b5cd8b1ca1a5e844c80a7302a3d0bea6) Importer(815301076,1909f56bfc062723c751e8b465ee728b)  -> (artifact id: 'ff68db59ff61899ed19bd9ec24943f27') in 0.009598 seconds 
  Import took 0.012649 seconds .

========================================================================
Received Import Request.
  Time since last request: 0.000199 seconds.
  path: Assets/Zeldisaac/PetitePiece_SpriteSheet.png
  artifactKey: Guid(98295261cc169594d8d8c7551f4f6d08) Importer(815301076,1909f56bfc062723c751e8b465ee728b)
Start importing Assets/Zeldisaac/PetitePiece_SpriteSheet.png using Guid(98295261cc169594d8d8c7551f4f6d08) Importer(815301076,1909f56bfc062723c751e8b465ee728b)  -> (artifact id: '9ded19a8f4ad2420f75d9d6497474307') in 0.019502 seconds 
  Import took 0.022036 seconds .

========================================================================
Received Import Request.
  Time since last request: 0.000170 seconds.
  path: Assets/Zeldisaac/Character_SpriteSheet.png
  artifactKey: Guid(838920a3d4179f647a2d3c3ad0a42881) Importer(815301076,1909f56bfc062723c751e8b465ee728b)
Start importing Assets/Zeldisaac/Character_SpriteSheet.png using Guid(838920a3d4179f647a2d3c3ad0a42881) Importer(815301076,1909f56bfc062723c751e8b465ee728b)  -> (artifact id: 'ff93c51db8682b9492246c9aebd47f3b') in 0.063934 seconds 
  Import took 0.066565 seconds .

========================================================================
Received Import Request.
  Time since last request: 0.000192 seconds.
  path: Assets/Zeldisaac/Character_SpriteSheet_Block_hurt.png
  artifactKey: Guid(9e738eb4f8b6c05479dd77a7d6b7da1b) Importer(815301076,1909f56bfc062723c751e8b465ee728b)
Start importing Assets/Zeldisaac/Character_SpriteSheet_Block_hurt.png using Guid(9e738eb4f8b6c05479dd77a7d6b7da1b) Importer(815301076,1909f56bfc062723c751e8b465ee728b)  -> (artifact id: 'c66851a9553e3a8141356d5752498810') in 0.049722 seconds 
  Import took 0.052381 seconds .

========================================================================
Received Import Request.
  Time since last request: 0.000191 seconds.
  path: Assets/Zeldisaac/Portrait.png
  artifactKey: Guid(516a3efe1b985744d9b29fd670568e0b) Importer(815301076,1909f56bfc062723c751e8b465ee728b)
Start importing Assets/Zeldisaac/Portrait.png using Guid(516a3efe1b985744d9b29fd670568e0b) Importer(815301076,1909f56bfc062723c751e8b465ee728b)  -> (artifact id: 'a31e179ad2079aeb22c94147492430af') in 0.012004 seconds 
  Import took 0.014548 seconds .

========================================================================
Received Import Request.
  Time since last request: 0.000183 seconds.
  path: Assets/Zeldisaac/PieceHUD.png
  artifactKey: Guid(f192098b5ededb84b81edfd103c90604) Importer(815301076,1909f56bfc062723c751e8b465ee728b)
Start importing Assets/Zeldisaac/PieceHUD.png using Guid(f192098b5ededb84b81edfd103c90604) Importer(815301076,1909f56bfc062723c751e8b465ee728b)  -> (artifact id: 'd6bf9c5ac7e7a7a056675ae5e49fb220') in 0.012300 seconds 
  Import took 0.015103 seconds .

========================================================================
Received Import Request.
  Time since last request: 0.000193 seconds.
  path: Assets/Zeldisaac/Character.png
  artifactKey: Guid(78f35d2309a435c4ba3d7362870606f9) Importer(815301076,1909f56bfc062723c751e8b465ee728b)
Start importing Assets/Zeldisaac/Character.png using Guid(78f35d2309a435c4ba3d7362870606f9) Importer(815301076,1909f56bfc062723c751e8b465ee728b)  -> (artifact id: '231f9bcc9951ded2f2852b96af9894ae') in 0.010698 seconds 
  Import took 0.013989 seconds .

========================================================================
Received Import Request.
  Time since last request: 0.000201 seconds.
  path: Assets/Zeldisaac/Chest_SpriteSheet.png
  artifactKey: Guid(3c89fb57ca48ff54ebecb134c86d1eb3) Importer(815301076,1909f56bfc062723c751e8b465ee728b)
Start importing Assets/Zeldisaac/Chest_SpriteSheet.png using Guid(3c89fb57ca48ff54ebecb134c86d1eb3) Importer(815301076,1909f56bfc062723c751e8b465ee728b)  -> (artifact id: '1e89547326464f9214ed373a0040be77') in 0.017011 seconds 
  Import took 0.019742 seconds .

========================================================================
Received Import Request.
  Time since last request: 26.579572 seconds.
  path: Assets/Zeldisaac/Squelette_SpriteSheet.png
  artifactKey: Guid(8567b58835791814ea330583938bc1f8) Importer(815301076,1909f56bfc062723c751e8b465ee728b)
Start importing Assets/Zeldisaac/Squelette_SpriteSheet.png using Guid(8567b58835791814ea330583938bc1f8) Importer(815301076,1909f56bfc062723c751e8b465ee728b)  -> (artifact id: '366b1c7dde3821a3763c8b58f3a1af38') in 0.105715 seconds 
  Import took 0.109038 seconds .

========================================================================
Received Import Request.
  Time since last request: 0.000229 seconds.
  path: Assets/Zeldisaac/WorldItemsSpriteSheet.png
  artifactKey: Guid(4d366293697bdf94da531cbc013527b5) Importer(815301076,1909f56bfc062723c751e8b465ee728b)
Start importing Assets/Zeldisaac/WorldItemsSpriteSheet.png using Guid(4d366293697bdf94da531cbc013527b5) Importer(815301076,1909f56bfc062723c751e8b465ee728b)  -> (artifact id: '6a73012a26d00988e389f97527671286') in 0.011417 seconds 
  Import took 0.013992 seconds .

========================================================================
Received Import Request.
  Time since last request: 0.000224 seconds.
  path: Assets/Zeldisaac/SqueletteDeath&Block.png
  artifactKey: Guid(659e6338977056842aef3c58c2fdd451) Importer(815301076,1909f56bfc062723c751e8b465ee728b)
Start importing Assets/Zeldisaac/SqueletteDeath&Block.png using Guid(659e6338977056842aef3c58c2fdd451) Importer(815301076,1909f56bfc062723c751e8b465ee728b)  -> (artifact id: 'dc6830c4bef70a02962125bfd512b8b1') in 0.126524 seconds 
  Import took 0.129213 seconds .

========================================================================
Received Import Request.
  Time since last request: 0.000190 seconds.
  path: Assets/Zeldisaac/Tileset.png
  artifactKey: Guid(0471f3d4c137b8941b1d1afa5d2d9138) Importer(815301076,1909f56bfc062723c751e8b465ee728b)
Start importing Assets/Zeldisaac/Tileset.png using Guid(0471f3d4c137b8941b1d1afa5d2d9138) Importer(815301076,1909f56bfc062723c751e8b465ee728b)  -> (artifact id: 'a255522175eaa4c65d1231bf29a55d60') in 0.012663 seconds 
  Import took 0.015401 seconds .

========================================================================
Received Import Request.
  Time since last request: 0.000217 seconds.
  path: Assets/Zeldisaac/Validation.ogg
  artifactKey: Guid(e7b1b6a1697daaa4a8ec9a68ec6d4f14) Importer(815301076,1909f56bfc062723c751e8b465ee728b)
Start importing Assets/Zeldisaac/Validation.ogg using Guid(e7b1b6a1697daaa4a8ec9a68ec6d4f14) Importer(815301076,1909f56bfc062723c751e8b465ee728b)  -> (artifact id: '9cd9570332c3078376df91757d923853') in 0.015353 seconds 
  Import took 0.018095 seconds .

========================================================================
Received Import Request.
  Time since last request: 0.000201 seconds.
  path: Assets/Zeldisaac/Squelette_SpriteSheet_Hurt.png
  artifactKey: Guid(8c80c141c671e37459a4b256a5d45f66) Importer(815301076,1909f56bfc062723c751e8b465ee728b)
Start importing Assets/Zeldisaac/Squelette_SpriteSheet_Hurt.png using Guid(8c80c141c671e37459a4b256a5d45f66) Importer(815301076,1909f56bfc062723c751e8b465ee728b)  -> (artifact id: '508d4d1f0346b6c210b48c65e8918961') in 0.019585 seconds 
  Import took 0.022287 seconds .

========================================================================
Received Import Request.
  Time since last request: 27.692820 seconds.
  path: Assets/素材/RPG_Weapons.png
  artifactKey: Guid(60481c574c68f744f8e9f3ceef676297) Importer(815301076,1909f56bfc062723c751e8b465ee728b)
Start importing Assets/素材/RPG_Weapons.png using Guid(60481c574c68f744f8e9f3ceef676297) Importer(815301076,1909f56bfc062723c751e8b465ee728b)  -> (artifact id: '54d980f1713bb18e65f293111d9c6797') in 0.015263 seconds 
  Import took 0.018344 seconds .

========================================================================
Received Import Request.
  Time since last request: 40.845260 seconds.
  path: Assets/素材/RPG_Weapons.png
  artifactKey: Guid(60481c574c68f744f8e9f3ceef676297) Importer(815301076,1909f56bfc062723c751e8b465ee728b)
Start importing Assets/素材/RPG_Weapons.png using Guid(60481c574c68f744f8e9f3ceef676297) Importer(815301076,1909f56bfc062723c751e8b465ee728b)  -> (artifact id: '64c9d38bd803bf4927a984eebcf0ee28') in 0.010173 seconds 
  Import took 0.013135 seconds .

========================================================================
Received Import Request.
  Time since last request: 363.113811 seconds.
  path: Assets/素材/AXES.png
  artifactKey: Guid(f6cd8e12b6d60e2499af86b7436d22fc) Importer(815301076,1909f56bfc062723c751e8b465ee728b)
Start importing Assets/素材/AXES.png using Guid(f6cd8e12b6d60e2499af86b7436d22fc) Importer(815301076,1909f56bfc062723c751e8b465ee728b)  -> (artifact id: '52592954853e68f8921f0bee63780556') in 0.009489 seconds 
  Import took 0.012582 seconds .

========================================================================
Received Import Request.
  Time since last request: 5.795304 seconds.
  path: Assets/素材/AXES.png
  artifactKey: Guid(f6cd8e12b6d60e2499af86b7436d22fc) Importer(815301076,1909f56bfc062723c751e8b465ee728b)
Start importing Assets/素材/AXES.png using Guid(f6cd8e12b6d60e2499af86b7436d22fc) Importer(815301076,1909f56bfc062723c751e8b465ee728b)  -> (artifact id: '2204ab45e244bdce00426d52c4a212f1') in 0.006522 seconds 
  Import took 0.009359 seconds .

========================================================================
Received Import Request.
  Time since last request: 12.057047 seconds.
  path: Assets/素材/AXES.png
  artifactKey: Guid(f6cd8e12b6d60e2499af86b7436d22fc) Importer(815301076,1909f56bfc062723c751e8b465ee728b)
Start importing Assets/素材/AXES.png using Guid(f6cd8e12b6d60e2499af86b7436d22fc) Importer(815301076,1909f56bfc062723c751e8b465ee728b)  -> (artifact id: '277d0517f3eb775f37b48b830b4e992c') in 0.117222 seconds 
  Import took 0.120269 seconds .

========================================================================
Received Import Request.
  Time since last request: 27.815875 seconds.
  path: Assets/Scripts/DataWeapon.cs
  artifactKey: Guid(99f09b2730885154b9217b2594bec69d) Importer(815301076,1909f56bfc062723c751e8b465ee728b)
Start importing Assets/Scripts/DataWeapon.cs using Guid(99f09b2730885154b9217b2594bec69d) Importer(815301076,1909f56bfc062723c751e8b465ee728b)  -> (artifact id: '8c71459c97d28c4eac3fa84f6e41a646') in 0.008876 seconds 
  Import took 0.011747 seconds .

========================================================================
Received Import Request.
  Time since last request: 348.735749 seconds.
  path: Assets/Prefabs
  artifactKey: Guid(dbaa8f71977a1514e85805556eec62f5) Importer(815301076,1909f56bfc062723c751e8b465ee728b)
Start importing Assets/Prefabs using Guid(dbaa8f71977a1514e85805556eec62f5) Importer(815301076,1909f56bfc062723c751e8b465ee728b)  -> (artifact id: 'cd47448e59832847833e37201953010e') in 0.001683 seconds 
  Import took 0.005087 seconds .

========================================================================
Received Import Request.
  Time since last request: 7.217892 seconds.
  path: Assets/Prefabs/斧頭.prefab
  artifactKey: Guid(c383c8ec7209bff49a7c21a95cb41d02) Importer(815301076,1909f56bfc062723c751e8b465ee728b)
Start importing Assets/Prefabs/斧頭.prefab using Guid(c383c8ec7209bff49a7c21a95cb41d02) Importer(815301076,1909f56bfc062723c751e8b465ee728b)  -> (artifact id: '64a3f9047de1e6fa9c85b08fcb164408') in 0.018996 seconds 
  Import took 0.022467 seconds .

========================================================================
Received Import Request.
  Time since last request: 79.945706 seconds.
  path: Assets/Prefabs/斧頭.prefab
  artifactKey: Guid(c383c8ec7209bff49a7c21a95cb41d02) Importer(815301076,1909f56bfc062723c751e8b465ee728b)
Start importing Assets/Prefabs/斧頭.prefab using Guid(c383c8ec7209bff49a7c21a95cb41d02) Importer(815301076,1909f56bfc062723c751e8b465ee728b)  -> (artifact id: '0b2f9500550f6033cf4e7ffd4f76b2bd') in 0.007975 seconds 
  Import took 0.011724 seconds .

========================================================================
Received Import Request.
  Time since last request: 204.749525 seconds.
  path: Assets/Prefabs/斧頭.prefab
  artifactKey: Guid(c383c8ec7209bff49a7c21a95cb41d02) Importer(815301076,1909f56bfc062723c751e8b465ee728b)
Start importing Assets/Prefabs/斧頭.prefab using Guid(c383c8ec7209bff49a7c21a95cb41d02) Importer(815301076,1909f56bfc062723c751e8b465ee728b)  -> (artifact id: '435d9b416765195ca700555b3e2533e7') in 0.013098 seconds 
  Import took 0.016512 seconds .

========================================================================
Received Prepare
Registering precompiled user dll's ...
Registered in 0.005256 seconds.
Begin MonoManager ReloadAssembly
Native extension for WindowsStandalone target not found
Native extension for WebGL target not found
Refreshing native plugins compatible for Editor in 0.43 ms, found 3 plugins.
Preloading 0 native plugins for Editor in 0.00 ms.
Mono: successfully reloaded assembly
- Completed reload, in  0.906 seconds
Domain Reload Profiling:
	ReloadAssembly (906ms)
		BeginReloadAssembly (117ms)
			ExecutionOrderSort (0ms)
			DisableScriptedObjects (5ms)
			BackupInstance (0ms)
			ReleaseScriptingObjects (0ms)
			CreateAndSetChildDomain (28ms)
		EndReloadAssembly (722ms)
			LoadAssemblies (103ms)
			RebuildTransferFunctionScriptingTraits (0ms)
			SetupTypeCache (243ms)
			ReleaseScriptCaches (1ms)
			RebuildScriptCaches (37ms)
			SetupLoadedEditorAssemblies (268ms)
				LogAssemblyErrors (0ms)
				InitializePlatformSupportModulesInManaged (5ms)
				SetLoadedEditorAssemblies (0ms)
				RefreshPlugins (0ms)
				BeforeProcessingInitializeOnLoad (69ms)
				ProcessInitializeOnLoadAttributes (171ms)
				ProcessInitializeOnLoadMethodAttributes (10ms)
				AfterProcessingInitializeOnLoad (13ms)
				EditorAssembliesLoaded (0ms)
			ExecutionOrderSort2 (0ms)
			AwakeInstancesAfterBackupRestoration (7ms)
Platform modules already initialized, skipping
Refreshing native plugins compatible for Editor in 0.46 ms, found 3 plugins.
Preloading 0 native plugins for Editor in 0.00 ms.
Unloading 2332 Unused Serialized files (Serialized files now loaded: 0)
System memory in use before: 103.8 MB.
System memory in use after: 104.0 MB.

Unloading 18 unused Assets to reduce memory usage. Loaded Objects now: 2859.
Total: 2.466300 ms (FindLiveObjects: 0.156900 ms CreateObjectMapping: 0.082900 ms MarkObjects: 2.213700 ms  DeleteObjects: 0.012200 ms)

AssetImportParameters requested are different than current active one (requested -> active):
  custom:framework-win-MediaFoundation: 216162199b28c13a410421893ffa2e32 -> 
  custom:video-decoder-ogg-theora: a1e56fd34408186e4bbccfd4996cb3dc -> 
  custom:container-muxer-webm: aa71ff27fc2769a1b78a27578f13a17b -> 
  custom:container-demuxer-webm: 4f35f7cbe854078d1ac9338744f61a02 -> 
  custom:container-demuxer-ogg: 62fdf1f143b41e24485cea50d1cbac27 -> 
  custom:video-encoder-webm-vp8: eb34c28f22e8b96e1ab97ce403110664 -> 
  custom:video-decoder-webm-vp8: 9c59270c3fd7afecdb556c50c9e8de78 -> 
  custom:audio-decoder-ogg-vorbis: bf7c407c2cedff20999df2af8eb42d56 -> 
  custom:audio-encoder-webm-vorbis: bf7c407c2cedff20999df2af8eb42d56 -> 
========================================================================
Received Prepare
Registering precompiled user dll's ...
Registered in 0.006353 seconds.
Begin MonoManager ReloadAssembly
Native extension for WindowsStandalone target not found
Native extension for WebGL target not found
Refreshing native plugins compatible for Editor in 0.44 ms, found 3 plugins.
Preloading 0 native plugins for Editor in 0.00 ms.
Mono: successfully reloaded assembly
- Completed reload, in  0.917 seconds
Domain Reload Profiling:
	ReloadAssembly (917ms)
		BeginReloadAssembly (112ms)
			ExecutionOrderSort (0ms)
			DisableScriptedObjects (6ms)
			BackupInstance (0ms)
			ReleaseScriptingObjects (0ms)
			CreateAndSetChildDomain (26ms)
		EndReloadAssembly (742ms)
			LoadAssemblies (96ms)
			RebuildTransferFunctionScriptingTraits (0ms)
			SetupTypeCache (245ms)
			ReleaseScriptCaches (1ms)
			RebuildScriptCaches (38ms)
			SetupLoadedEditorAssemblies (285ms)
				LogAssemblyErrors (0ms)
				InitializePlatformSupportModulesInManaged (5ms)
				SetLoadedEditorAssemblies (0ms)
				RefreshPlugins (0ms)
				BeforeProcessingInitializeOnLoad (81ms)
				ProcessInitializeOnLoadAttributes (178ms)
				ProcessInitializeOnLoadMethodAttributes (9ms)
				AfterProcessingInitializeOnLoad (12ms)
				EditorAssembliesLoaded (0ms)
			ExecutionOrderSort2 (0ms)
			AwakeInstancesAfterBackupRestoration (7ms)
Platform modules already initialized, skipping
Refreshing native plugins compatible for Editor in 0.47 ms, found 3 plugins.
Preloading 0 native plugins for Editor in 0.00 ms.
Unloading 2332 Unused Serialized files (Serialized files now loaded: 0)
System memory in use before: 103.8 MB.
System memory in use after: 104.1 MB.

Unloading 18 unused Assets to reduce memory usage. Loaded Objects now: 2861.
Total: 2.471000 ms (FindLiveObjects: 0.154400 ms CreateObjectMapping: 0.075800 ms MarkObjects: 2.228500 ms  DeleteObjects: 0.011600 ms)

AssetImportParameters requested are different than current active one (requested -> active):
  custom:framework-win-MediaFoundation: 216162199b28c13a410421893ffa2e32 -> 
  custom:video-decoder-ogg-theora: a1e56fd34408186e4bbccfd4996cb3dc -> 
  custom:container-muxer-webm: aa71ff27fc2769a1b78a27578f13a17b -> 
  custom:container-demuxer-webm: 4f35f7cbe854078d1ac9338744f61a02 -> 
  custom:container-demuxer-ogg: 62fdf1f143b41e24485cea50d1cbac27 -> 
  custom:video-encoder-webm-vp8: eb34c28f22e8b96e1ab97ce403110664 -> 
  custom:video-decoder-webm-vp8: 9c59270c3fd7afecdb556c50c9e8de78 -> 
  custom:audio-decoder-ogg-vorbis: bf7c407c2cedff20999df2af8eb42d56 -> 
  custom:audio-encoder-webm-vorbis: bf7c407c2cedff20999df2af8eb42d56 -> 
========================================================================
Received Prepare
Registering precompiled user dll's ...
Registered in 0.006243 seconds.
Begin MonoManager ReloadAssembly
Native extension for WindowsStandalone target not found
Native extension for WebGL target not found
Refreshing native plugins compatible for Editor in 0.44 ms, found 3 plugins.
Preloading 0 native plugins for Editor in 0.00 ms.
Mono: successfully reloaded assembly
- Completed reload, in  0.926 seconds
Domain Reload Profiling:
	ReloadAssembly (926ms)
		BeginReloadAssembly (117ms)
			ExecutionOrderSort (0ms)
			DisableScriptedObjects (5ms)
			BackupInstance (0ms)
			ReleaseScriptingObjects (0ms)
			CreateAndSetChildDomain (25ms)
		EndReloadAssembly (748ms)
			LoadAssemblies (96ms)
			RebuildTransferFunctionScriptingTraits (0ms)
			SetupTypeCache (249ms)
			ReleaseScriptCaches (1ms)
			RebuildScriptCaches (39ms)
			SetupLoadedEditorAssemblies (285ms)
				LogAssemblyErrors (0ms)
				InitializePlatformSupportModulesInManaged (5ms)
				SetLoadedEditorAssemblies (0ms)
				RefreshPlugins (0ms)
				BeforeProcessingInitializeOnLoad (81ms)
				ProcessInitializeOnLoadAttributes (177ms)
				ProcessInitializeOnLoadMethodAttributes (9ms)
				AfterProcessingInitializeOnLoad (12ms)
				EditorAssembliesLoaded (0ms)
			ExecutionOrderSort2 (0ms)
			AwakeInstancesAfterBackupRestoration (7ms)
Platform modules already initialized, skipping
Refreshing native plugins compatible for Editor in 0.49 ms, found 3 plugins.
Preloading 0 native plugins for Editor in 0.00 ms.
Unloading 2332 Unused Serialized files (Serialized files now loaded: 0)
System memory in use before: 103.9 MB.
System memory in use after: 104.1 MB.

Unloading 18 unused Assets to reduce memory usage. Loaded Objects now: 2863.
Total: 2.583500 ms (FindLiveObjects: 0.166000 ms CreateObjectMapping: 0.085200 ms MarkObjects: 2.319300 ms  DeleteObjects: 0.012500 ms)

AssetImportParameters requested are different than current active one (requested -> active):
  custom:framework-win-MediaFoundation: 216162199b28c13a410421893ffa2e32 -> 
  custom:video-decoder-ogg-theora: a1e56fd34408186e4bbccfd4996cb3dc -> 
  custom:container-muxer-webm: aa71ff27fc2769a1b78a27578f13a17b -> 
  custom:container-demuxer-webm: 4f35f7cbe854078d1ac9338744f61a02 -> 
  custom:container-demuxer-ogg: 62fdf1f143b41e24485cea50d1cbac27 -> 
  custom:video-encoder-webm-vp8: eb34c28f22e8b96e1ab97ce403110664 -> 
  custom:video-decoder-webm-vp8: 9c59270c3fd7afecdb556c50c9e8de78 -> 
  custom:audio-decoder-ogg-vorbis: bf7c407c2cedff20999df2af8eb42d56 -> 
  custom:audio-encoder-webm-vorbis: bf7c407c2cedff20999df2af8eb42d56 -> 
========================================================================
Received Import Request.
  Time since last request: 196.191076 seconds.
  path: Assets/Scripts/WeaponSystem.cs
  artifactKey: Guid(a6d7a1c8c2f01b0479ca6840a6bd9a3c) Importer(815301076,1909f56bfc062723c751e8b465ee728b)
Start importing Assets/Scripts/WeaponSystem.cs using Guid(a6d7a1c8c2f01b0479ca6840a6bd9a3c) Importer(815301076,1909f56bfc062723c751e8b465ee728b)  -> (artifact id: '6aa290ea25b53df663c7bd26068cb5e3') in 0.003993 seconds 
  Import took 0.007044 seconds .

========================================================================
Received Import Request.
  Time since last request: 55.637281 seconds.
  path: Assets/Scripts/WeaponSystem.cs
  artifactKey: Guid(a6d7a1c8c2f01b0479ca6840a6bd9a3c) Importer(815301076,1909f56bfc062723c751e8b465ee728b)
Start importing Assets/Scripts/WeaponSystem.cs using Guid(a6d7a1c8c2f01b0479ca6840a6bd9a3c) Importer(815301076,1909f56bfc062723c751e8b465ee728b)  -> (artifact id: '656af9d2b23ce071c006db4df01c5670') in 0.002125 seconds 
  Import took 0.005019 seconds .

========================================================================
Received Import Request.
  Time since last request: 17.788995 seconds.
  path: Assets/Scripts/WeaponSystem.cs
  artifactKey: Guid(a6d7a1c8c2f01b0479ca6840a6bd9a3c) Importer(815301076,1909f56bfc062723c751e8b465ee728b)
Start importing Assets/Scripts/WeaponSystem.cs using Guid(a6d7a1c8c2f01b0479ca6840a6bd9a3c) Importer(815301076,1909f56bfc062723c751e8b465ee728b)  -> (artifact id: '9995b21f943d4909df13a571944c4135') in 0.001785 seconds 
  Import took 0.004762 seconds .

========================================================================
Received Import Request.
  Time since last request: 61.168591 seconds.
  path: Assets/Scripts/WeaponSystem.cs
  artifactKey: Guid(a6d7a1c8c2f01b0479ca6840a6bd9a3c) Importer(815301076,1909f56bfc062723c751e8b465ee728b)
Start importing Assets/Scripts/WeaponSystem.cs using Guid(a6d7a1c8c2f01b0479ca6840a6bd9a3c) Importer(815301076,1909f56bfc062723c751e8b465ee728b)  -> (artifact id: '521f4b5e4c300784d44ec26577f1bb59') in 0.001992 seconds 
  Import took 0.004829 seconds .

========================================================================
Received Import Request.
  Time since last request: 16.333887 seconds.
  path: Assets/Scripts/WeaponSystem.cs
  artifactKey: Guid(a6d7a1c8c2f01b0479ca6840a6bd9a3c) Importer(815301076,1909f56bfc062723c751e8b465ee728b)
Start importing Assets/Scripts/WeaponSystem.cs using Guid(a6d7a1c8c2f01b0479ca6840a6bd9a3c) Importer(815301076,1909f56bfc062723c751e8b465ee728b)  -> (artifact id: 'b82773dfcd5941615a704279ac204520') in 0.002238 seconds 
  Import took 0.005180 seconds .

========================================================================
Received Import Request.
  Time since last request: 15.644193 seconds.
  path: Assets/Scripts/WeaponSystem.cs
  artifactKey: Guid(a6d7a1c8c2f01b0479ca6840a6bd9a3c) Importer(815301076,1909f56bfc062723c751e8b465ee728b)
Start importing Assets/Scripts/WeaponSystem.cs using Guid(a6d7a1c8c2f01b0479ca6840a6bd9a3c) Importer(815301076,1909f56bfc062723c751e8b465ee728b)  -> (artifact id: 'dabd240121ce6c7ae45d271fa81626a1') in 0.002147 seconds 
  Import took 0.005223 seconds .

========================================================================
Received Import Request.
  Time since last request: 20.389611 seconds.
  path: Assets/Scripts/WeaponSystem.cs
  artifactKey: Guid(a6d7a1c8c2f01b0479ca6840a6bd9a3c) Importer(815301076,1909f56bfc062723c751e8b465ee728b)
Start importing Assets/Scripts/WeaponSystem.cs using Guid(a6d7a1c8c2f01b0479ca6840a6bd9a3c) Importer(815301076,1909f56bfc062723c751e8b465ee728b)  -> (artifact id: 'f2f34f13b9336ff29f23f69d1fdd74ed') in 0.002241 seconds 
  Import took 0.005275 seconds .

========================================================================
Received Import Request.
  Time since last request: 45.680922 seconds.
  path: Assets/Scripts/WeaponSystem.cs
  artifactKey: Guid(a6d7a1c8c2f01b0479ca6840a6bd9a3c) Importer(815301076,1909f56bfc062723c751e8b465ee728b)
Start importing Assets/Scripts/WeaponSystem.cs using Guid(a6d7a1c8c2f01b0479ca6840a6bd9a3c) Importer(815301076,1909f56bfc062723c751e8b465ee728b)  -> (artifact id: 'c5486438037c37cb04f66df70eed8add') in 0.001614 seconds 
  Import took 0.004438 seconds .

========================================================================
Received Import Request.
  Time since last request: 21.006428 seconds.
  path: Assets/Scripts/WeaponSystem.cs
  artifactKey: Guid(a6d7a1c8c2f01b0479ca6840a6bd9a3c) Importer(815301076,1909f56bfc062723c751e8b465ee728b)
Start importing Assets/Scripts/WeaponSystem.cs using Guid(a6d7a1c8c2f01b0479ca6840a6bd9a3c) Importer(815301076,1909f56bfc062723c751e8b465ee728b)  -> (artifact id: 'd595d409c64320ece8affd8c4f972dd0') in 0.001852 seconds 
  Import took 0.004664 seconds .

========================================================================
Received Import Request.
  Time since last request: 22.286709 seconds.
  path: Assets/Scripts/WeaponSystem.cs
  artifactKey: Guid(a6d7a1c8c2f01b0479ca6840a6bd9a3c) Importer(815301076,1909f56bfc062723c751e8b465ee728b)
Start importing Assets/Scripts/WeaponSystem.cs using Guid(a6d7a1c8c2f01b0479ca6840a6bd9a3c) Importer(815301076,1909f56bfc062723c751e8b465ee728b)  -> (artifact id: 'e1f270c5e40c07fe64bc37f1ef5e8295') in 0.001704 seconds 
  Import took 0.004690 seconds .

========================================================================
Received Import Request.
  Time since last request: 107.866028 seconds.
  path: Assets/資料武器/斧頭.asset
  artifactKey: Guid(dca660cbf6f089a4dbf2dc3b0c390129) Importer(815301076,1909f56bfc062723c751e8b465ee728b)
Start importing Assets/資料武器/斧頭.asset using Guid(dca660cbf6f089a4dbf2dc3b0c390129) Importer(815301076,1909f56bfc062723c751e8b465ee728b)  -> (artifact id: '9308b2727cd0d3eb766f9117e1dd7c20') in 0.010419 seconds 
  Import took 0.013203 seconds .

========================================================================
Received Import Request.
  Time since last request: 6.248031 seconds.
  path: Assets/資料武器/斧頭.asset
  artifactKey: Guid(dca660cbf6f089a4dbf2dc3b0c390129) Importer(815301076,1909f56bfc062723c751e8b465ee728b)
Start importing Assets/資料武器/斧頭.asset using Guid(dca660cbf6f089a4dbf2dc3b0c390129) Importer(815301076,1909f56bfc062723c751e8b465ee728b)  -> (artifact id: 'df9dba405e7f12b82edaacaf54d04a7b') in 0.002627 seconds 
  Import took 0.005572 seconds .

========================================================================
Received Prepare
Registering precompiled user dll's ...
Registered in 0.005431 seconds.
Begin MonoManager ReloadAssembly
Native extension for WindowsStandalone target not found
Native extension for WebGL target not found
Refreshing native plugins compatible for Editor in 0.44 ms, found 3 plugins.
Preloading 0 native plugins for Editor in 0.00 ms.
Mono: successfully reloaded assembly
- Completed reload, in  0.910 seconds
Domain Reload Profiling:
	ReloadAssembly (910ms)
		BeginReloadAssembly (112ms)
			ExecutionOrderSort (0ms)
			DisableScriptedObjects (5ms)
			BackupInstance (0ms)
			ReleaseScriptingObjects (0ms)
			CreateAndSetChildDomain (28ms)
		EndReloadAssembly (736ms)
			LoadAssemblies (96ms)
			RebuildTransferFunctionScriptingTraits (0ms)
			SetupTypeCache (247ms)
			ReleaseScriptCaches (1ms)
			RebuildScriptCaches (36ms)
			SetupLoadedEditorAssemblies (278ms)
				LogAssemblyErrors (0ms)
				InitializePlatformSupportModulesInManaged (5ms)
				SetLoadedEditorAssemblies (0ms)
				RefreshPlugins (0ms)
				BeforeProcessingInitializeOnLoad (73ms)
				ProcessInitializeOnLoadAttributes (178ms)
				ProcessInitializeOnLoadMethodAttributes (9ms)
				AfterProcessingInitializeOnLoad (12ms)
				EditorAssembliesLoaded (0ms)
			ExecutionOrderSort2 (0ms)
			AwakeInstancesAfterBackupRestoration (8ms)
Platform modules already initialized, skipping
Refreshing native plugins compatible for Editor in 0.44 ms, found 3 plugins.
Preloading 0 native plugins for Editor in 0.00 ms.
Unloading 2332 Unused Serialized files (Serialized files now loaded: 0)
System memory in use before: 103.8 MB.
System memory in use after: 104.0 MB.

Unloading 18 unused Assets to reduce memory usage. Loaded Objects now: 2865.
Total: 2.361400 ms (FindLiveObjects: 0.154000 ms CreateObjectMapping: 0.078400 ms MarkObjects: 2.116700 ms  DeleteObjects: 0.011700 ms)

AssetImportParameters requested are different than current active one (requested -> active):
  custom:framework-win-MediaFoundation: 216162199b28c13a410421893ffa2e32 -> 
  custom:video-decoder-ogg-theora: a1e56fd34408186e4bbccfd4996cb3dc -> 
  custom:container-muxer-webm: aa71ff27fc2769a1b78a27578f13a17b -> 
  custom:container-demuxer-webm: 4f35f7cbe854078d1ac9338744f61a02 -> 
  custom:container-demuxer-ogg: 62fdf1f143b41e24485cea50d1cbac27 -> 
  custom:video-encoder-webm-vp8: eb34c28f22e8b96e1ab97ce403110664 -> 
  custom:video-decoder-webm-vp8: 9c59270c3fd7afecdb556c50c9e8de78 -> 
  custom:audio-decoder-ogg-vorbis: bf7c407c2cedff20999df2af8eb42d56 -> 
  custom:audio-encoder-webm-vorbis: bf7c407c2cedff20999df2af8eb42d56 -> 
========================================================================
Received Import Request.
  Time since last request: 45.812574 seconds.
  path: Assets/資料武器/斧頭.asset
  artifactKey: Guid(dca660cbf6f089a4dbf2dc3b0c390129) Importer(815301076,1909f56bfc062723c751e8b465ee728b)
Start importing Assets/資料武器/斧頭.asset using Guid(dca660cbf6f089a4dbf2dc3b0c390129) Importer(815301076,1909f56bfc062723c751e8b465ee728b)  -> (artifact id: '222edfc332275ddd0e40c809b453ef61') in 0.014038 seconds 
  Import took 0.017017 seconds .

========================================================================
Received Prepare
Registering precompiled user dll's ...
Registered in 0.005367 seconds.
Begin MonoManager ReloadAssembly
Native extension for WindowsStandalone target not found
Native extension for WebGL target not found
Refreshing native plugins compatible for Editor in 0.45 ms, found 3 plugins.
Preloading 0 native plugins for Editor in 0.00 ms.
Mono: successfully reloaded assembly
- Completed reload, in  0.898 seconds
Domain Reload Profiling:
	ReloadAssembly (898ms)
		BeginReloadAssembly (113ms)
			ExecutionOrderSort (0ms)
			DisableScriptedObjects (5ms)
			BackupInstance (0ms)
			ReleaseScriptingObjects (0ms)
			CreateAndSetChildDomain (26ms)
		EndReloadAssembly (724ms)
			LoadAssemblies (95ms)
			RebuildTransferFunctionScriptingTraits (0ms)
			SetupTypeCache (241ms)
			ReleaseScriptCaches (1ms)
			RebuildScriptCaches (36ms)
			SetupLoadedEditorAssemblies (273ms)
				LogAssemblyErrors (0ms)
				InitializePlatformSupportModulesInManaged (5ms)
				SetLoadedEditorAssemblies (0ms)
				RefreshPlugins (0ms)
				BeforeProcessingInitializeOnLoad (71ms)
				ProcessInitializeOnLoadAttributes (175ms)
				ProcessInitializeOnLoadMethodAttributes (9ms)
				AfterProcessingInitializeOnLoad (12ms)
				EditorAssembliesLoaded (0ms)
			ExecutionOrderSort2 (0ms)
			AwakeInstancesAfterBackupRestoration (7ms)
Platform modules already initialized, skipping
Refreshing native plugins compatible for Editor in 0.42 ms, found 3 plugins.
Preloading 0 native plugins for Editor in 0.00 ms.
Unloading 2332 Unused Serialized files (Serialized files now loaded: 0)
System memory in use before: 103.9 MB.
System memory in use after: 104.1 MB.

Unloading 18 unused Assets to reduce memory usage. Loaded Objects now: 2867.
Total: 2.579600 ms (FindLiveObjects: 0.156000 ms CreateObjectMapping: 0.078800 ms MarkObjects: 2.332000 ms  DeleteObjects: 0.012200 ms)

AssetImportParameters requested are different than current active one (requested -> active):
  custom:framework-win-MediaFoundation: 216162199b28c13a410421893ffa2e32 -> 
  custom:video-decoder-ogg-theora: a1e56fd34408186e4bbccfd4996cb3dc -> 
  custom:container-muxer-webm: aa71ff27fc2769a1b78a27578f13a17b -> 
  custom:container-demuxer-webm: 4f35f7cbe854078d1ac9338744f61a02 -> 
  custom:container-demuxer-ogg: 62fdf1f143b41e24485cea50d1cbac27 -> 
  custom:video-encoder-webm-vp8: eb34c28f22e8b96e1ab97ce403110664 -> 
  custom:video-decoder-webm-vp8: 9c59270c3fd7afecdb556c50c9e8de78 -> 
  custom:audio-decoder-ogg-vorbis: bf7c407c2cedff20999df2af8eb42d56 -> 
  custom:audio-encoder-webm-vorbis: bf7c407c2cedff20999df2af8eb42d56 -> 
========================================================================
Received Import Request.
  Time since last request: 98.664063 seconds.
  path: Assets/Scripts/TopDownController.cs
  artifactKey: Guid(8c849e6e2638bb0448c534f706e94cc7) Importer(815301076,1909f56bfc062723c751e8b465ee728b)
Start importing Assets/Scripts/TopDownController.cs using Guid(8c849e6e2638bb0448c534f706e94cc7) Importer(815301076,1909f56bfc062723c751e8b465ee728b)  -> (artifact id: 'e569e9a0a55385e3b05650ecea3a087c') in 0.004218 seconds 
  Import took 0.007377 seconds .

========================================================================
Received Prepare
Registering precompiled user dll's ...
Registered in 0.005254 seconds.
Begin MonoManager ReloadAssembly
Native extension for WindowsStandalone target not found
Native extension for WebGL target not found
Refreshing native plugins compatible for Editor in 0.45 ms, found 3 plugins.
Preloading 0 native plugins for Editor in 0.00 ms.
Mono: successfully reloaded assembly
- Completed reload, in  0.878 seconds
Domain Reload Profiling:
	ReloadAssembly (878ms)
		BeginReloadAssembly (104ms)
			ExecutionOrderSort (0ms)
			DisableScriptedObjects (5ms)
			BackupInstance (0ms)
			ReleaseScriptingObjects (0ms)
			CreateAndSetChildDomain (25ms)
		EndReloadAssembly (712ms)
			LoadAssemblies (94ms)
			RebuildTransferFunctionScriptingTraits (0ms)
			SetupTypeCache (238ms)
			ReleaseScriptCaches (1ms)
			RebuildScriptCaches (35ms)
			SetupLoadedEditorAssemblies (269ms)
				LogAssemblyErrors (0ms)
				InitializePlatformSupportModulesInManaged (5ms)
				SetLoadedEditorAssemblies (0ms)
				RefreshPlugins (0ms)
				BeforeProcessingInitializeOnLoad (69ms)
				ProcessInitializeOnLoadAttributes (173ms)
				ProcessInitializeOnLoadMethodAttributes (9ms)
				AfterProcessingInitializeOnLoad (12ms)
				EditorAssembliesLoaded (0ms)
			ExecutionOrderSort2 (0ms)
			AwakeInstancesAfterBackupRestoration (7ms)
Platform modules already initialized, skipping
Refreshing native plugins compatible for Editor in 0.48 ms, found 3 plugins.
Preloading 0 native plugins for Editor in 0.00 ms.
Unloading 2332 Unused Serialized files (Serialized files now loaded: 0)
System memory in use before: 103.9 MB.
System memory in use after: 104.1 MB.

Unloading 18 unused Assets to reduce memory usage. Loaded Objects now: 2869.
Total: 2.471500 ms (FindLiveObjects: 0.160300 ms CreateObjectMapping: 0.081500 ms MarkObjects: 2.217100 ms  DeleteObjects: 0.011900 ms)

AssetImportParameters requested are different than current active one (requested -> active):
  custom:framework-win-MediaFoundation: 216162199b28c13a410421893ffa2e32 -> 
  custom:video-decoder-ogg-theora: a1e56fd34408186e4bbccfd4996cb3dc -> 
  custom:container-muxer-webm: aa71ff27fc2769a1b78a27578f13a17b -> 
  custom:container-demuxer-webm: 4f35f7cbe854078d1ac9338744f61a02 -> 
  custom:container-demuxer-ogg: 62fdf1f143b41e24485cea50d1cbac27 -> 
  custom:video-encoder-webm-vp8: eb34c28f22e8b96e1ab97ce403110664 -> 
  custom:video-decoder-webm-vp8: 9c59270c3fd7afecdb556c50c9e8de78 -> 
  custom:audio-decoder-ogg-vorbis: bf7c407c2cedff20999df2af8eb42d56 -> 
  custom:audio-encoder-webm-vorbis: bf7c407c2cedff20999df2af8eb42d56 -> 
========================================================================
Received Import Request.
  Time since last request: 154.151488 seconds.
  path: Assets/Prefabs/斧頭.prefab
  artifactKey: Guid(c383c8ec7209bff49a7c21a95cb41d02) Importer(815301076,1909f56bfc062723c751e8b465ee728b)
Start importing Assets/Prefabs/斧頭.prefab using Guid(c383c8ec7209bff49a7c21a95cb41d02) Importer(815301076,1909f56bfc062723c751e8b465ee728b)  -> (artifact id: 'f5f0ad5b8c6af3789d7087940e2d12bc') in 0.046475 seconds 
  Import took 0.049435 seconds .

========================================================================
Received Prepare
Registering precompiled user dll's ...
Registered in 0.006987 seconds.
Begin MonoManager ReloadAssembly
Native extension for WindowsStandalone target not found
Native extension for WebGL target not found
Refreshing native plugins compatible for Editor in 0.64 ms, found 3 plugins.
Preloading 0 native plugins for Editor in 0.00 ms.
Mono: successfully reloaded assembly
- Completed reload, in  1.198 seconds
Domain Reload Profiling:
	ReloadAssembly (1198ms)
		BeginReloadAssembly (149ms)
			ExecutionOrderSort (0ms)
			DisableScriptedObjects (6ms)
			BackupInstance (0ms)
			ReleaseScriptingObjects (0ms)
			CreateAndSetChildDomain (35ms)
		EndReloadAssembly (965ms)
			LoadAssemblies (129ms)
			RebuildTransferFunctionScriptingTraits (0ms)
			SetupTypeCache (326ms)
			ReleaseScriptCaches (1ms)
			RebuildScriptCaches (48ms)
			SetupLoadedEditorAssemblies (366ms)
				LogAssemblyErrors (0ms)
				InitializePlatformSupportModulesInManaged (7ms)
				SetLoadedEditorAssemblies (1ms)
				RefreshPlugins (1ms)
				BeforeProcessingInitializeOnLoad (95ms)
				ProcessInitializeOnLoadAttributes (234ms)
				ProcessInitializeOnLoadMethodAttributes (12ms)
				AfterProcessingInitializeOnLoad (16ms)
				EditorAssembliesLoaded (0ms)
			ExecutionOrderSort2 (0ms)
			AwakeInstancesAfterBackupRestoration (10ms)
Platform modules already initialized, skipping
Refreshing native plugins compatible for Editor in 0.59 ms, found 3 plugins.
Preloading 0 native plugins for Editor in 0.00 ms.
Unloading 2332 Unused Serialized files (Serialized files now loaded: 0)
System memory in use before: 103.9 MB.
System memory in use after: 104.1 MB.

Unloading 18 unused Assets to reduce memory usage. Loaded Objects now: 2872.
Total: 3.390400 ms (FindLiveObjects: 0.292400 ms CreateObjectMapping: 0.342500 ms MarkObjects: 2.704800 ms  DeleteObjects: 0.050000 ms)

AssetImportParameters requested are different than current active one (requested -> active):
  custom:framework-win-MediaFoundation: 216162199b28c13a410421893ffa2e32 -> 
  custom:video-decoder-ogg-theora: a1e56fd34408186e4bbccfd4996cb3dc -> 
  custom:container-muxer-webm: aa71ff27fc2769a1b78a27578f13a17b -> 
  custom:container-demuxer-webm: 4f35f7cbe854078d1ac9338744f61a02 -> 
  custom:container-demuxer-ogg: 62fdf1f143b41e24485cea50d1cbac27 -> 
  custom:video-encoder-webm-vp8: eb34c28f22e8b96e1ab97ce403110664 -> 
  custom:video-decoder-webm-vp8: 9c59270c3fd7afecdb556c50c9e8de78 -> 
  custom:audio-decoder-ogg-vorbis: bf7c407c2cedff20999df2af8eb42d56 -> 
  custom:audio-encoder-webm-vorbis: bf7c407c2cedff20999df2af8eb42d56 -> 
AssetImportWorkerClient::OnTransportError - code=2 error=End of file
